This is pdfTeX, Version 3.141592653-2.6-1.40.25 (TeX Live 2023) (preloaded format=pdflatex 2023.12.16)  15 JAN 2024 00:32
entering extended mode
 restricted \write18 enabled.
 file:line:error style messages enabled.
 %&-line parsing enabled.
**/Users/josepenaseco/Desktop/fis/term1/work2/meta/informe.tex
(/Users/josepenaseco/Desktop/fis/term1/work2/meta/informe.tex
LaTeX2e <2022-11-01> patch level 1
L3 programming layer <2023-02-22> (/usr/local/texlive/2023/texmf-dist/tex/latex/base/article.cls
Document Class: article 2022/07/02 v1.4n Standard LaTeX document class
(/usr/local/texlive/2023/texmf-dist/tex/latex/base/size10.clo
File: size10.clo 2022/07/02 v1.4n Standard LaTeX file (size option)
)
\c@part=\count185
\c@section=\count186
\c@subsection=\count187
\c@subsubsection=\count188
\c@paragraph=\count189
\c@subparagraph=\count190
\c@figure=\count191
\c@table=\count192
\abovecaptionskip=\skip48
\belowcaptionskip=\skip49
\bibindent=\dimen140
) (/usr/local/texlive/2023/texmf-dist/tex/latex/graphics/graphicx.sty
Package: graphicx 2021/09/16 v1.2d Enhanced LaTeX Graphics (DPC,SPQR)
 (/usr/local/texlive/2023/texmf-dist/tex/latex/graphics/keyval.sty
Package: keyval 2022/05/29 v1.15 key=value parser (DPC)
\KV@toks@=\toks16
) (/usr/local/texlive/2023/texmf-dist/tex/latex/graphics/graphics.sty
Package: graphics 2022/03/10 v1.4e Standard LaTeX Graphics (DPC,SPQR)
 (/usr/local/texlive/2023/texmf-dist/tex/latex/graphics/trig.sty
Package: trig 2021/08/11 v1.11 sin cos tan (DPC)
) (/usr/local/texlive/2023/texmf-dist/tex/latex/graphics-cfg/graphics.cfg
File: graphics.cfg 2016/06/04 v1.11 sample graphics configuration
)
Package graphics Info: Driver file: pdftex.def on input line 107.
 (/usr/local/texlive/2023/texmf-dist/tex/latex/graphics-def/pdftex.def
File: pdftex.def 2022/09/22 v1.2b Graphics/color driver for pdftex
))
\Gin@req@height=\dimen141
\Gin@req@width=\dimen142
) (/usr/local/texlive/2023/texmf-dist/tex/latex/amsmath/amsmath.sty
Package: amsmath 2022/04/08 v2.17n AMS math features
\@mathmargin=\skip50

For additional information on amsmath, use the `?' option.
(/usr/local/texlive/2023/texmf-dist/tex/latex/amsmath/amstext.sty
Package: amstext 2021/08/26 v2.01 AMS text
 (/usr/local/texlive/2023/texmf-dist/tex/latex/amsmath/amsgen.sty
File: amsgen.sty 1999/11/30 v2.0 generic functions
\@emptytoks=\toks17
\ex@=\dimen143
)) (/usr/local/texlive/2023/texmf-dist/tex/latex/amsmath/amsbsy.sty
Package: amsbsy 1999/11/29 v1.2d Bold Symbols
\pmbraise@=\dimen144
) (/usr/local/texlive/2023/texmf-dist/tex/latex/amsmath/amsopn.sty
Package: amsopn 2022/04/08 v2.04 operator names
)
\inf@bad=\count193
LaTeX Info: Redefining \frac on input line 234.
\uproot@=\count194
\leftroot@=\count195
LaTeX Info: Redefining \overline on input line 399.
LaTeX Info: Redefining \colon on input line 410.
\classnum@=\count196
\DOTSCASE@=\count197
LaTeX Info: Redefining \ldots on input line 496.
LaTeX Info: Redefining \dots on input line 499.
LaTeX Info: Redefining \cdots on input line 620.
\Mathstrutbox@=\box51
\strutbox@=\box52
LaTeX Info: Redefining \big on input line 722.
LaTeX Info: Redefining \Big on input line 723.
LaTeX Info: Redefining \bigg on input line 724.
LaTeX Info: Redefining \Bigg on input line 725.
\big@size=\dimen145
LaTeX Font Info:    Redeclaring font encoding OML on input line 743.
LaTeX Font Info:    Redeclaring font encoding OMS on input line 744.
\macc@depth=\count198
LaTeX Info: Redefining \bmod on input line 905.
LaTeX Info: Redefining \pmod on input line 910.
LaTeX Info: Redefining \smash on input line 940.
LaTeX Info: Redefining \relbar on input line 970.
LaTeX Info: Redefining \Relbar on input line 971.
\c@MaxMatrixCols=\count199
\dotsspace@=\muskip16
\c@parentequation=\count266
\dspbrk@lvl=\count267
\tag@help=\toks18
\row@=\count268
\column@=\count269
\maxfields@=\count270
\andhelp@=\toks19
\eqnshift@=\dimen146
\alignsep@=\dimen147
\tagshift@=\dimen148
\tagwidth@=\dimen149
\totwidth@=\dimen150
\lineht@=\dimen151
\@envbody=\toks20
\multlinegap=\skip51
\multlinetaggap=\skip52
\mathdisplay@stack=\toks21
LaTeX Info: Redefining \[ on input line 2953.
LaTeX Info: Redefining \] on input line 2954.
) (/usr/local/texlive/2023/texmf-dist/tex/latex/l3backend/l3backend-pdftex.def
File: l3backend-pdftex.def 2023-01-16 L3 backend support: PDF output (pdfTeX)
\l__color_backend_stack_int=\count271
\l__pdf_internal_box=\box53
) (./informe.aux)
\openout1 = `informe.aux'.

LaTeX Font Info:    Checking defaults for OML/cmm/m/it on input line 6.
LaTeX Font Info:    ... okay on input line 6.
LaTeX Font Info:    Checking defaults for OMS/cmsy/m/n on input line 6.
LaTeX Font Info:    ... okay on input line 6.
LaTeX Font Info:    Checking defaults for OT1/cmr/m/n on input line 6.
LaTeX Font Info:    ... okay on input line 6.
LaTeX Font Info:    Checking defaults for T1/cmr/m/n on input line 6.
LaTeX Font Info:    ... okay on input line 6.
LaTeX Font Info:    Checking defaults for TS1/cmr/m/n on input line 6.
LaTeX Font Info:    ... okay on input line 6.
LaTeX Font Info:    Checking defaults for OMX/cmex/m/n on input line 6.
LaTeX Font Info:    ... okay on input line 6.
LaTeX Font Info:    Checking defaults for U/cmr/m/n on input line 6.
LaTeX Font Info:    ... okay on input line 6.
 (/usr/local/texlive/2023/texmf-dist/tex/context/base/mkii/supp-pdf.mkii
[Loading MPS to PDF converter (version 2006.09.02).]
\scratchcounter=\count272
\scratchdimen=\dimen152
\scratchbox=\box54
\nofMPsegments=\count273
\nofMParguments=\count274
\everyMPshowfont=\toks22
\MPscratchCnt=\count275
\MPscratchDim=\dimen153
\MPnumerator=\count276
\makeMPintoPDFobject=\count277
\everyMPtoPDFconversion=\toks23
) (/usr/local/texlive/2023/texmf-dist/tex/latex/epstopdf-pkg/epstopdf-base.sty
Package: epstopdf-base 2020-01-24 v2.11 Base part for package epstopdf
 (/usr/local/texlive/2023/texmf-dist/tex/generic/infwarerr/infwarerr.sty
Package: infwarerr 2019/12/03 v1.5 Providing info/warning/error messages (HO)
) (/usr/local/texlive/2023/texmf-dist/tex/latex/grfext/grfext.sty
Package: grfext 2019/12/03 v1.3 Manage graphics extensions (HO)
 (/usr/local/texlive/2023/texmf-dist/tex/generic/kvdefinekeys/kvdefinekeys.sty
Package: kvdefinekeys 2019-12-19 v1.6 Define keys (HO)
)) (/usr/local/texlive/2023/texmf-dist/tex/latex/kvoptions/kvoptions.sty
Package: kvoptions 2022-06-15 v3.15 Key value format for package options (HO)
 (/usr/local/texlive/2023/texmf-dist/tex/generic/ltxcmds/ltxcmds.sty
Package: ltxcmds 2020-05-10 v1.25 LaTeX kernel commands for general use (HO)
) (/usr/local/texlive/2023/texmf-dist/tex/latex/kvsetkeys/kvsetkeys.sty
Package: kvsetkeys 2022-10-05 v1.19 Key value parser (HO)
)) (/usr/local/texlive/2023/texmf-dist/tex/generic/pdftexcmds/pdftexcmds.sty
Package: pdftexcmds 2020-06-27 v0.33 Utility functions of pdfTeX for LuaTeX (HO)
 (/usr/local/texlive/2023/texmf-dist/tex/generic/iftex/iftex.sty
Package: iftex 2022/02/03 v1.0f TeX engine tests
)
Package pdftexcmds Info: \pdf@primitive is available.
Package pdftexcmds Info: \pdf@ifprimitive is available.
Package pdftexcmds Info: \pdfdraftmode found.
)
Package epstopdf-base Info: Redefining graphics rule for `.eps' on input line 485.
Package grfext Info: Graphics extension search list:
(grfext)             [.pdf,.png,.jpg,.mps,.jpeg,.jbig2,.jb2,.PDF,.PNG,.JPG,.JPEG,.JBIG2,.JB2,.eps]
(grfext)             \AppendGraphicsExtensions on input line 504.
 (/usr/local/texlive/2023/texmf-dist/tex/latex/latexconfig/epstopdf-sys.cfg
File: epstopdf-sys.cfg 2010/07/13 v1.3 Configuration of (r)epstopdf for TeX Live
))
<logo.png, id=1, 951.555pt x 573.14125pt>
File: logo.png Graphic file (type png)
<use logo.png>
Package pdftex.def Info: logo.png  used on input line 9.
(pdftex.def)             Requested size: 172.5pt x 103.89558pt.
 [1

{/usr/local/texlive/2023/texmf-var/fonts/map/pdftex/updmap/pdftex.map} <./logo.png>] (./informe.toc)
\tf@toc=\write3
\openout3 = `informe.toc'.

 [1]
<lab2.png, id=16, 966.61125pt x 1032.85875pt>
File: lab2.png Graphic file (type png)
<use lab2.png>
Package pdftex.def Info: lab2.png  used on input line 36.
(pdftex.def)             Requested size: 207.0021pt x 221.17773pt.

Overfull \hbox (12.58397pt too wide) in paragraph at lines 45--53
\OT1/cmr/m/n/10 part^^S^^Pculas mod-e-ladas como es-feras azules, las con-sid-er-aremos part^^S^^Pculas diat^^Somicas,
 []


Overfull \hbox (13.94505pt too wide) in paragraph at lines 45--53
\OT1/cmr/m/n/10 las cuales se de-splazan li-bre-mente por el es-pa-cio con-fi-nado, sim-u-lando el movimiento
 []

[2 <./lab2.png>]
Overfull \hbox (22.4968pt too wide) in paragraph at lines 102--102
[]    \OT1/cmtt/m/n/10 dataframe['p_avg'] = (dataframe['p_min'] + dataframe['p_max']) / 2[] 
 []


Overfull \hbox (32.9967pt too wide) in paragraph at lines 102--102
[]    \OT1/cmtt/m/n/10 dataframe['delta_temp'] = dataframe['temp'] - min(dataframe['temp'])[] 
 []


Overfull \hbox (27.74675pt too wide) in paragraph at lines 102--102
[]    \OT1/cmtt/m/n/10 dataframe['delta_p'] = dataframe['p_avg'] - min(dataframe['p_avg'])[] 
 []


Overfull \hbox (227.24501pt too wide) in paragraph at lines 134--134
[]    \OT1/cmtt/m/n/10 corrrelation_coefficient = np.sum(x_dev * y_dev) / np.sqrt(np.sum(x_dev * x_dev) * np.sum(y_dev * y_dev))[] 
 []

[3{/usr/local/texlive/2023/texmf-dist/fonts/enc/dvips/cm-super/cm-super-ts1.enc}]
Overfull \hbox (179.99542pt too wide) in paragraph at lines 134--134
[]    \OT1/cmtt/m/n/10 a, b, correlation_coefficient = linear_regression(dataframe['delta_temp'], dataframe['delta_p'])[] 
 []

<chart1.png, id=28, 409.7709pt x 312.2064pt>
File: chart1.png Graphic file (type png)
<use chart1.png>
Package pdftex.def Info: chart1.png  used on input line 140.
(pdftex.def)             Requested size: 276.00105pt x 210.2967pt.
[4 <./chart1.png>] [5] [6]

LaTeX Warning: Command \textdegree invalid in math mode on input line 277.


LaTeX Warning: Command \textdegree invalid in math mode on input line 277.

Missing character: There is no ° in font cmr10!

LaTeX Warning: Command \textdegree invalid in math mode on input line 277.


LaTeX Warning: Command \textdegree invalid in math mode on input line 277.

Missing character: There is no ° in font cmr10!

LaTeX Warning: Command \textdegree invalid in math mode on input line 277.


LaTeX Warning: Command \textdegree invalid in math mode on input line 277.

Missing character: There is no ° in font cmr10!

LaTeX Warning: Command \textdegree invalid in math mode on input line 277.


LaTeX Warning: Command \textdegree invalid in math mode on input line 277.

Missing character: There is no ° in font cmr10!

Overfull \hbox (7.08571pt too wide) in paragraph at lines 309--310
[]\OT1/cmr/bx/n/10 Transformaci^^Son isob^^Sarica: \OT1/cmr/m/n/10 En esta trans-for-maci^^Son la presi^^Son se mantiene
 []


Overfull \hbox (11.20381pt too wide) in paragraph at lines 310--311
[]\OT1/cmr/bx/n/10 Transformaci^^Son isoc^^Sorica: \OT1/cmr/m/n/10 En esta trans-for-maci^^Son el vol-u-men se mantiene
 []


Overfull \hbox (7.08571pt too wide) in paragraph at lines 312--313
[]\OT1/cmr/bx/n/10 Transformaci^^Son isob^^Sarica: \OT1/cmr/m/n/10 En esta trans-for-maci^^Son la presi^^Son se mantiene
 []


Overfull \hbox (11.20381pt too wide) in paragraph at lines 313--314
[]\OT1/cmr/bx/n/10 Transformaci^^Son isoc^^Sorica: \OT1/cmr/m/n/10 En esta trans-for-maci^^Son el vol-u-men se mantiene
 []

[7]
Overfull \hbox (69.74638pt too wide) in paragraph at lines 371--371
[]    \OT1/cmtt/m/n/10 plt.fill_between(cicle['lado']*(10**-3)**3, cicle['p_avg'], 25, alpha=0.5,)[] 
 []

<cap2.png, id=50, 406.1574pt x 312.2064pt>
File: cap2.png Graphic file (type png)
<use cap2.png>
Package pdftex.def Info: cap2.png  used on input line 377.
(pdftex.def)             Requested size: 276.00105pt x 212.15463pt.

LaTeX Warning: `h' float specifier changed to `ht'.

[8]

LaTeX Warning: Command \textdegree invalid in math mode on input line 394.


LaTeX Warning: Command \textdegree invalid in math mode on input line 394.

Missing character: There is no ° in font cmr10!

LaTeX Warning: Command \textdegree invalid in math mode on input line 394.


LaTeX Warning: Command \textdegree invalid in math mode on input line 394.

Missing character: There is no ° in font cmr10!

LaTeX Warning: Command \textdegree invalid in math mode on input line 394.


LaTeX Warning: Command \textdegree invalid in math mode on input line 394.

Missing character: There is no ° in font cmr10!

LaTeX Warning: Command \textdegree invalid in math mode on input line 394.


LaTeX Warning: Command \textdegree invalid in math mode on input line 394.

Missing character: There is no ° in font cmr10!
[9 <./cap2.png>]

LaTeX Warning: Command \textdegree invalid in math mode on input line 458.


LaTeX Warning: Command \textdegree invalid in math mode on input line 458.

Missing character: There is no ° in font cmr10!

LaTeX Warning: Command \textdegree invalid in math mode on input line 458.


LaTeX Warning: Command \textdegree invalid in math mode on input line 458.

Missing character: There is no ° in font cmr10!

LaTeX Warning: Command \textdegree invalid in math mode on input line 458.


LaTeX Warning: Command \textdegree invalid in math mode on input line 458.

Missing character: There is no ° in font cmr10!

LaTeX Warning: Command \textdegree invalid in math mode on input line 458.


LaTeX Warning: Command \textdegree invalid in math mode on input line 458.

Missing character: There is no ° in font cmr10!
[10]

LaTeX Warning: Command \textdegree invalid in math mode on input line 509.


LaTeX Warning: Command \textdegree invalid in math mode on input line 509.

Missing character: There is no ° in font cmr10!

LaTeX Warning: Command \textdegree invalid in math mode on input line 509.


LaTeX Warning: Command \textdegree invalid in math mode on input line 509.

Missing character: There is no ° in font cmr10!

LaTeX Warning: Command \textdegree invalid in math mode on input line 509.


LaTeX Warning: Command \textdegree invalid in math mode on input line 509.

Missing character: There is no ° in font cmr10!

LaTeX Warning: Command \textdegree invalid in math mode on input line 509.


LaTeX Warning: Command \textdegree invalid in math mode on input line 509.

Missing character: There is no ° in font cmr10!
[11]

LaTeX Warning: Command \textdegree invalid in math mode on input line 565.


LaTeX Warning: Command \textdegree invalid in math mode on input line 565.

Missing character: There is no ° in font cmr10!

LaTeX Warning: Command \textdegree invalid in math mode on input line 565.


LaTeX Warning: Command \textdegree invalid in math mode on input line 565.

Missing character: There is no ° in font cmr10!

LaTeX Warning: Command \textdegree invalid in math mode on input line 565.


LaTeX Warning: Command \textdegree invalid in math mode on input line 565.

Missing character: There is no ° in font cmr10!

LaTeX Warning: Command \textdegree invalid in math mode on input line 565.


LaTeX Warning: Command \textdegree invalid in math mode on input line 565.

Missing character: There is no ° in font cmr10!
[12]

LaTeX Warning: Command \textdegree invalid in math mode on input line 613.


LaTeX Warning: Command \textdegree invalid in math mode on input line 613.

Missing character: There is no ° in font cmr10!

LaTeX Warning: Command \textdegree invalid in math mode on input line 613.


LaTeX Warning: Command \textdegree invalid in math mode on input line 613.

Missing character: There is no ° in font cmr10!

LaTeX Warning: Command \textdegree invalid in math mode on input line 613.


LaTeX Warning: Command \textdegree invalid in math mode on input line 613.

Missing character: There is no ° in font cmr10!

LaTeX Warning: Command \textdegree invalid in math mode on input line 613.


LaTeX Warning: Command \textdegree invalid in math mode on input line 613.

Missing character: There is no ° in font cmr10!
[13]
Overfull \hbox (116.99597pt too wide) in paragraph at lines 676--676
[]    \OT1/cmtt/m/n/10 # Extract the volume and pressure values as numpy arrays for trapezoidal integration[] 
 []


Overfull \hbox (22.4968pt too wide) in paragraph at lines 676--676
[]    \OT1/cmtt/m/n/10 # Calculate the area under the curve using trapezoidal integration[] 
 []

[14] [15]
Overfull \hbox (97.8249pt too wide) in paragraph at lines 710--711
\OT1/cmr/m/n/10 lizado para re-alizar los c^^Salculos y las gr^^Saficas. En-lace: https://github.com/josericardopenase/lab-
 []

[16] (./informe.aux) ) 
Here is how much of TeX's memory you used:
 2666 strings out of 476025
 43963 string characters out of 5790016
 1862388 words of memory out of 5000000
 23105 multiletter control sequences out of 15000+600000
 516318 words of font info for 46 fonts, out of 8000000 for 9000
 1141 hyphenation exceptions out of 8191
 62i,15n,67p,364b,270s stack positions out of 10000i,1000n,20000p,200000b,200000s
</usr/local/texlive/2023/texmf-dist/fonts/type1/public/amsfonts/cm/cmbx10.pfb></usr/local/texlive/2023/texmf-dist/fonts/type1/public/amsfonts/cm/cmbx12.pfb></usr/local/texlive/2023/texmf-dist/fonts/type1/public/amsfonts/cm/cmcsc10.pfb></usr/local/texlive/2023/texmf-dist/fonts/type1/public/amsfonts/cm/cmex10.pfb></usr/local/texlive/2023/texmf-dist/fonts/type1/public/amsfonts/cm/cmmi10.pfb></usr/local/texlive/2023/texmf-dist/fonts/type1/public/amsfonts/cm/cmmi7.pfb></usr/local/texlive/2023/texmf-dist/fonts/type1/public/amsfonts/cm/cmr10.pfb></usr/local/texlive/2023/texmf-dist/fonts/type1/public/amsfonts/cm/cmr12.pfb></usr/local/texlive/2023/texmf-dist/fonts/type1/public/amsfonts/cm/cmr5.pfb></usr/local/texlive/2023/texmf-dist/fonts/type1/public/amsfonts/cm/cmr7.pfb></usr/local/texlive/2023/texmf-dist/fonts/type1/public/amsfonts/cm/cmsy10.pfb></usr/local/texlive/2023/texmf-dist/fonts/type1/public/amsfonts/cm/cmsy7.pfb></usr/local/texlive/2023/texmf-dist/fonts/type1/public/amsfonts/cm/cmti10.pfb></usr/local/texlive/2023/texmf-dist/fonts/type1/public/amsfonts/cm/cmtt10.pfb></usr/local/texlive/2023/texmf-dist/fonts/type1/public/cm-super/sfrm1000.pfb>
Output written on informe.pdf (17 pages, 928115 bytes).
PDF statistics:
 144 PDF objects out of 1000 (max. 8388607)
 86 compressed objects within 1 object stream
 0 named destinations out of 1000 (max. 500000)
 21 words of extra memory for PDF output out of 10000 (max. 10000000)

